02:21:24: Creating resource group General
02:21:24: Creating resource group Internal
02:21:24: Creating resource group Autodetect
02:21:24: SceneManagerFactory for type 'DefaultSceneManager' registered.
02:21:24: Registering ResourceManager for type Material
02:21:24: Registering ResourceManager for type Mesh
02:21:24: Registering ResourceManager for type Skeleton
02:21:24: MovableObjectFactory for type 'ParticleSystem' registered.
02:21:24: ArchiveFactory for archive type FileSystem registered.
02:21:24: ArchiveFactory for archive type Zip registered.
02:21:24: ArchiveFactory for archive type EmbeddedZip registered.
02:21:24: DDS codec registering
02:21:24: FreeImage version: 3.17.0
02:21:24: This program uses FreeImage, a free, open source image library supporting all common bitmap formats. See http://freeimage.sourceforge.net for details
02:21:24: Supported formats: bmp,ico,jpg,jif,jpeg,jpe,jng,koa,iff,lbm,mng,pbm,pbm,pcd,pcx,pgm,pgm,png,ppm,ppm,ras,tga,targa,tif,tiff,wap,wbmp,wbm,psd,cut,xbm,xpm,gif,hdr,g3,sgi,rgb,rgba,bw,exr,j2k,j2c,jp2,pfm,pct,pict,pic,3fr,arw,bay,bmq,cap,cine,cr2,crw,cs1,dc2,dcr,drf,dsc,dng,erf,fff,ia,iiq,k25,kc2,kdc,mdc,mef,mos,mrw,nef,nrw,orf,pef,ptx,pxn,qtk,raf,raw,rdc,rw2,rwl,rwz,sr2,srf,srw,sti,x3f,webp,jxr,wdp,hdp
02:21:24: Registering ResourceManager for type HighLevelGpuProgram
02:21:24: Registering ResourceManager for type Compositor
02:21:24: MovableObjectFactory for type 'Entity' registered.
02:21:24: MovableObjectFactory for type 'Light' registered.
02:21:24: MovableObjectFactory for type 'BillboardSet' registered.
02:21:24: MovableObjectFactory for type 'ManualObject' registered.
02:21:24: MovableObjectFactory for type 'BillboardChain' registered.
02:21:24: MovableObjectFactory for type 'RibbonTrail' registered.
02:21:24: Loading library /usr/local/lib/OGRE/RenderSystem_GL
02:21:24: Installing plugin: GL RenderSystem
02:21:24: OpenGL Rendering Subsystem created.
02:21:24: Plugin successfully installed
02:21:24: Loading library /usr/local/lib/OGRE/Plugin_ParticleFX
02:21:24: Installing plugin: ParticleFX
02:21:24: Particle Emitter Type 'Point' registered
02:21:24: Particle Emitter Type 'Box' registered
02:21:24: Particle Emitter Type 'Ellipsoid' registered
02:21:24: Particle Emitter Type 'Cylinder' registered
02:21:24: Particle Emitter Type 'Ring' registered
02:21:24: Particle Emitter Type 'HollowEllipsoid' registered
02:21:24: Particle Affector Type 'LinearForce' registered
02:21:24: Particle Affector Type 'ColourFader' registered
02:21:24: Particle Affector Type 'ColourFader2' registered
02:21:24: Particle Affector Type 'ColourImage' registered
02:21:24: Particle Affector Type 'ColourInterpolator' registered
02:21:24: Particle Affector Type 'Scaler' registered
02:21:24: Particle Affector Type 'Rotator' registered
02:21:24: Particle Affector Type 'DirectionRandomiser' registered
02:21:24: Particle Affector Type 'DeflectorPlane' registered
02:21:24: Plugin successfully installed
02:21:24: Loading library /usr/local/lib/OGRE/Plugin_BSPSceneManager
02:21:24: Installing plugin: BSP Scene Manager
02:21:24: Plugin successfully installed
02:21:24: Loading library /usr/local/lib/OGRE/Plugin_CgProgramManager
02:21:24: Installing plugin: Cg Program Manager
02:21:24: Plugin successfully installed
02:21:24: Loading library /usr/local/lib/OGRE/Plugin_PCZSceneManager
02:21:24: Installing plugin: Portal Connected Zone Scene Manager
02:21:24: PCZone Factory Type 'ZoneType_Default' registered
02:21:24: Plugin successfully installed
02:21:24: Loading library /usr/local/lib/OGRE/Plugin_OctreeZone
02:21:24: Installing plugin: Octree Zone Factory
02:21:24: Plugin successfully installed
02:21:24: Loading library /usr/local/lib/OGRE/Plugin_OctreeSceneManager
02:21:24: Installing plugin: Octree Scene Manager
02:21:24: Plugin successfully installed
02:21:24: *-*-* OGRE Initialising
02:21:24: *-*-* Version 1.9.0 (Ghadamon)
02:21:24: Added resource location '/usr/local/share/OGRE/Media/thumbnails' of type 'FileSystem' to resource group 'General'
02:21:24: Added resource location '/usr/local/share/OGRE/Media/packs/SdkTrays.zip' of type 'Zip' to resource group 'General'
02:21:24: Added resource location '/usr/local/share/OGRE/Media/packs/profiler.zip' of type 'Zip' to resource group 'General'
02:21:24: Added resource location '/usr/local/share/OGRE/Media' of type 'FileSystem' to resource group 'General'
02:21:24: Added resource location '/usr/local/share/OGRE/Media/fonts' of type 'FileSystem' to resource group 'General'
02:21:24: Added resource location '/usr/local/share/OGRE/Media/materials/programs' of type 'FileSystem' to resource group 'General'
02:21:24: Added resource location '/usr/local/share/OGRE/Media/materials/programs/Cg' of type 'FileSystem' to resource group 'General'
02:21:24: Added resource location '/usr/local/share/OGRE/Media/materials/programs/GLSL' of type 'FileSystem' to resource group 'General'
02:21:24: Added resource location '/usr/local/share/OGRE/Media/materials/programs/GLSL150' of type 'FileSystem' to resource group 'General'
02:21:24: Added resource location '/usr/local/share/OGRE/Media/materials/programs/GLSL400' of type 'FileSystem' to resource group 'General'
02:21:24: Added resource location '/usr/local/share/OGRE/Media/materials/programs/HLSL' of type 'FileSystem' to resource group 'General'
02:21:24: Added resource location '/usr/local/share/OGRE/Media/materials/programs/HLSL_Cg' of type 'FileSystem' to resource group 'General'
02:21:24: Added resource location '/usr/local/share/OGRE/Media/materials/scripts' of type 'FileSystem' to resource group 'General'
02:21:24: Added resource location '/usr/local/share/OGRE/Media/materials/textures' of type 'FileSystem' to resource group 'General'
02:21:24: Added resource location '/usr/local/share/OGRE/Media/materials/textures/nvidia' of type 'FileSystem' to resource group 'General'
02:21:24: Added resource location '/usr/local/share/OGRE/Media/models' of type 'FileSystem' to resource group 'General'
02:21:24: Added resource location '/usr/local/share/OGRE/Media/particle' of type 'FileSystem' to resource group 'General'
02:21:24: Added resource location '/usr/local/share/OGRE/Media/DeferredShadingMedia' of type 'FileSystem' to resource group 'General'
02:21:24: Added resource location '/usr/local/share/OGRE/Media/PCZAppMedia' of type 'FileSystem' to resource group 'General'
02:21:24: Added resource location '/usr/local/share/OGRE/Media/RTShaderLib' of type 'FileSystem' to resource group 'General'
02:21:24: Added resource location '/usr/local/share/OGRE/Media/RTShaderLib/Cg' of type 'FileSystem' to resource group 'General'
02:21:24: Added resource location '/usr/local/share/OGRE/Media/RTShaderLib/GLSL' of type 'FileSystem' to resource group 'General'
02:21:24: Added resource location '/usr/local/share/OGRE/Media/RTShaderLib/GLSL150' of type 'FileSystem' to resource group 'General'
02:21:24: Added resource location '/usr/local/share/OGRE/Media/RTShaderLib/HLSL' of type 'FileSystem' to resource group 'General'
02:21:24: Added resource location '/usr/local/share/OGRE/Media/RTShaderLib/materials' of type 'FileSystem' to resource group 'General'
02:21:24: Added resource location '/usr/local/share/OGRE/Media/materials/scripts/SSAO' of type 'FileSystem' to resource group 'General'
02:21:24: Added resource location '/usr/local/share/OGRE/Media/materials/textures/SSAO' of type 'FileSystem' to resource group 'General'
02:21:24: Added resource location '/usr/local/share/OGRE/Media/volumeTerrain' of type 'FileSystem' to resource group 'General'
02:21:24: Added resource location '/usr/local/share/OGRE/Media/PBR' of type 'FileSystem' to resource group 'General'
02:21:24: Added resource location '/home/esantiago/Downloads/As4/media/meshes' of type 'FileSystem' to resource group 'General'
02:21:24: Added resource location '/home/esantiago/Downloads/As4/media/material/textures' of type 'FileSystem' to resource group 'General'
02:21:24: Added resource location '/home/esantiago/Downloads/As4/media/material/scripts' of type 'FileSystem' to resource group 'General'
02:21:24: Added resource location '/usr/local/share/OGRE/Media/packs/cubemap.zip' of type 'Zip' to resource group 'General'
02:21:24: Added resource location '/usr/local/share/OGRE/Media/packs/cubemapsJS.zip' of type 'Zip' to resource group 'General'
02:21:24: Added resource location '/usr/local/share/OGRE/Media/packs/dragon.zip' of type 'Zip' to resource group 'General'
02:21:24: Added resource location '/usr/local/share/OGRE/Media/packs/fresneldemo.zip' of type 'Zip' to resource group 'General'
02:21:24: Added resource location '/usr/local/share/OGRE/Media/packs/ogretestmap.zip' of type 'Zip' to resource group 'General'
02:21:24: Added resource location '/usr/local/share/OGRE/Media/packs/ogredance.zip' of type 'Zip' to resource group 'General'
02:21:24: Added resource location '/usr/local/share/OGRE/Media/packs/Sinbad.zip' of type 'Zip' to resource group 'General'
02:21:24: Added resource location '/usr/local/share/OGRE/Media/packs/skybox.zip' of type 'Zip' to resource group 'General'
02:21:24: Added resource location '/usr/local/share/OGRE/Media/volumeTerrain/volumeTerrainBig.zip' of type 'Zip' to resource group 'General'
02:21:24: Added resource location '/usr/local/Tests/Media' of type 'FileSystem' to resource group 'General'
02:21:24: CPU Identifier & Features
02:21:24: -------------------------
02:21:24:  *   CPU ID: GenuineIntel: Intel(R) Core(TM) i7-2640M CPU @ 2.80GHz
02:21:24:  *      SSE: yes
02:21:24:  *     SSE2: yes
02:21:24:  *     SSE3: yes
02:21:24:  *      MMX: yes
02:21:24:  *   MMXEXT: yes
02:21:24:  *    3DNOW: no
02:21:24:  * 3DNOWEXT: no
02:21:24:  *     CMOV: yes
02:21:24:  *      TSC: yes
02:21:24:  *      FPU: yes
02:21:24:  *      PRO: yes
02:21:24:  *       HT: no
02:21:24: -------------------------
02:21:24: ******************************
*** Starting GLX Subsystem ***
******************************
02:21:24: Registering ResourceManager for type Texture
02:21:24: GLRenderSystem::_createRenderWindow "As4 Render Window", 800x600 windowed  miscParams: FSAA=0 displayFrequency=60 Hz gamma=No vsync=No 
02:21:24: GLXWindow::create used FBConfigID = 175
02:21:24: GL_VERSION = 3.0 Mesa 19.2.8
02:21:24: GL_VENDOR = Intel Open Source Technology Center
02:21:24: GL_RENDERER = Mesa DRI Intel(R) Sandybridge Mobile 
02:21:24: GL_EXTENSIONS = GL_ARB_multisample GL_EXT_abgr GL_EXT_bgra GL_EXT_blend_color GL_EXT_blend_minmax GL_EXT_blend_subtract GL_EXT_copy_texture GL_EXT_subtexture GL_EXT_texture_object GL_EXT_vertex_array GL_EXT_compiled_vertex_array GL_EXT_texture GL_EXT_texture3D GL_IBM_rasterpos_clip GL_ARB_point_parameters GL_EXT_draw_range_elements GL_EXT_packed_pixels GL_EXT_point_parameters GL_EXT_rescale_normal GL_EXT_separate_specular_color GL_EXT_texture_edge_clamp GL_SGIS_generate_mipmap GL_SGIS_texture_border_clamp GL_SGIS_texture_edge_clamp GL_SGIS_texture_lod GL_ARB_framebuffer_sRGB GL_ARB_multitexture GL_EXT_framebuffer_sRGB GL_IBM_multimode_draw_arrays GL_IBM_texture_mirrored_repeat GL_3DFX_texture_compression_FXT1 GL_ARB_texture_cube_map GL_ARB_texture_env_add GL_ARB_transpose_matrix GL_EXT_blend_func_separate GL_EXT_fog_coord GL_EXT_multi_draw_arrays GL_EXT_secondary_color GL_EXT_texture_env_add GL_EXT_texture_filter_anisotropic GL_EXT_texture_lod_bias GL_INGR_blend_func_separate GL_NV_blend_square GL_NV_light_max_exponent GL_NV_texgen_reflection GL_NV_texture_env_combine4 GL_S3_s3tc GL_SUN_multi_draw_arrays GL_ARB_texture_border_clamp GL_ARB_texture_compression GL_EXT_framebuffer_object GL_EXT_texture_compression_s3tc GL_EXT_texture_env_combine GL_EXT_texture_env_dot3 GL_MESA_window_pos GL_NV_packed_depth_stencil GL_NV_texture_rectangle GL_ARB_depth_texture GL_ARB_occlusion_query GL_ARB_shadow GL_ARB_texture_env_combine GL_ARB_texture_env_crossbar GL_ARB_texture_env_dot3 GL_ARB_texture_mirrored_repeat GL_ARB_window_pos GL_EXT_stencil_two_side GL_EXT_texture_cube_map GL_NV_depth_clamp GL_NV_fog_distance GL_APPLE_packed_pixels GL_ARB_draw_buffers GL_ARB_fragment_program GL_ARB_fragment_shader GL_ARB_shader_objects GL_ARB_vertex_program GL_ARB_vertex_shader GL_ATI_draw_buffers GL_ATI_texture_env_combine3 GL_ATI_texture_float GL_EXT_shadow_funcs GL_EXT_stencil_wrap GL_MESA_pack_invert GL_NV_primitive_restart GL_ARB_depth_clamp GL_ARB_fragment_program_shadow GL_ARB_half_float_pixel GL_ARB_occlusion_query2 GL_ARB_point_sprite GL_ARB_shading_language_100 GL_ARB_sync GL_ARB_texture_non_power_of_two GL_ARB_vertex_buffer_object GL_ATI_blend_equation_separate GL_EXT_blend_equation_separate GL_OES_read_format GL_ARB_color_buffer_float GL_ARB_pixel_buffer_object GL_ARB_texture_compression_rgtc GL_ARB_texture_float GL_ARB_texture_rectangle GL_EXT_packed_float GL_EXT_pixel_buffer_object GL_EXT_texture_compression_dxt1 GL_EXT_texture_compression_rgtc GL_EXT_texture_rectangle GL_EXT_texture_sRGB GL_EXT_texture_shared_exponent GL_ARB_framebuffer_object GL_EXT_framebuffer_blit GL_EXT_framebuffer_multisample GL_EXT_packed_depth_stencil GL_APPLE_object_purgeable GL_ARB_vertex_array_object GL_ATI_separate_stencil GL_EXT_draw_buffers2 GL_EXT_draw_instanced GL_EXT_gpu_program_parameters GL_EXT_texture_array GL_EXT_texture_integer GL_EXT_texture_sRGB_decode GL_EXT_timer_query GL_OES_EGL_image GL_AMD_texture_texture4 GL_ARB_copy_buffer GL_ARB_depth_buffer_float GL_ARB_draw_instanced GL_ARB_half_float_vertex GL_ARB_instanced_arrays GL_ARB_map_buffer_range GL_ARB_texture_rg GL_ARB_texture_swizzle GL_ARB_vertex_array_bgra GL_EXT_texture_swizzle GL_EXT_vertex_array_bgra GL_NV_conditional_render GL_AMD_draw_buffers_blend GL_AMD_seamless_cubemap_per_texture GL_ARB_ES2_compatibility GL_ARB_blend_func_extended GL_ARB_debug_output GL_ARB_draw_buffers_blend GL_ARB_draw_elements_base_vertex GL_ARB_explicit_attrib_location GL_ARB_fragment_coord_conventions GL_ARB_provoking_vertex GL_ARB_sample_shading GL_ARB_sampler_objects GL_ARB_seamless_cube_map GL_ARB_shader_texture_lod GL_ARB_texture_cube_map_array GL_ARB_texture_gather GL_ARB_texture_multisample GL_ARB_texture_query_lod GL_ARB_texture_rgb10_a2ui GL_ARB_uniform_buffer_object GL_ARB_vertex_type_2_10_10_10_rev GL_EXT_provoking_vertex GL_EXT_texture_snorm GL_MESA_texture_signed_rgba GL_NV_texture_barrier GL_ARB_get_program_binary GL_ARB_robustness GL_ARB_separate_shader_objects GL_ARB_shader_bit_encoding GL_ARB_timer_query GL_ARB_transform_feedback2 GL_ANGLE_texture_compression_dxt3 GL_ANGLE_texture_compression_dxt5 GL_ARB_compressed_texture_pixel_storage GL_ARB_internalformat_query GL_ARB_map_buffer_alignment GL_ARB_shading_language_420pack GL_ARB_shading_language_packing GL_ARB_texture_storage GL_EXT_framebuffer_multisample_blit_scaled GL_EXT_transform_feedback GL_AMD_shader_trinary_minmax GL_ARB_ES3_compatibility GL_ARB_arrays_of_arrays GL_ARB_clear_buffer_object GL_ARB_copy_image GL_ARB_explicit_uniform_location GL_ARB_fragment_layer_viewport GL_ARB_invalidate_subdata GL_ARB_program_interface_query GL_ARB_texture_query_levels GL_ARB_texture_storage_multisample GL_ARB_vertex_attrib_binding GL_KHR_debug GL_KHR_robustness GL_ARB_buffer_storage GL_ARB_clear_texture GL_ARB_internalformat_query2 GL_ARB_multi_bind GL_ARB_seamless_cubemap_per_texture GL_ARB_shader_draw_parameters GL_ARB_shader_group_vote GL_ARB_texture_mirror_clamp_to_edge GL_ARB_vertex_type_10f_11f_11f_rev GL_EXT_shader_integer_mix GL_INTEL_performance_query GL_ARB_clip_control GL_ARB_conditional_render_inverted GL_ARB_cull_distance GL_ARB_get_texture_sub_image GL_ARB_pipeline_statistics_query GL_ARB_texture_barrier GL_ARB_transform_feedback_overflow_query GL_EXT_polygon_offset_clamp GL_KHR_blend_equation_advanced GL_KHR_context_flush_control GL_ARB_parallel_shader_compile GL_KHR_no_error GL_MESA_shader_integer_functions GL_ARB_polygon_offset_clamp GL_ARB_texture_filter_anisotropic GL_KHR_parallel_shader_compile GL_EXT_shader_framebuffer_fetch_non_coherent GL_EXT_texture_sRGB_R8 GL_EXT_texture_shadow_lod 
02:21:24: Supported GLX extensions: GLX_ARB_create_context GLX_ARB_create_context_no_error GLX_ARB_create_context_profile GLX_ARB_create_context_robustness GLX_ARB_fbconfig_float GLX_ARB_framebuffer_sRGB GLX_ARB_get_proc_address GLX_ARB_multisample GLX_EXT_buffer_age GLX_EXT_create_context_es2_profile GLX_EXT_create_context_es_profile GLX_EXT_fbconfig_packed_float GLX_EXT_framebuffer_sRGB GLX_EXT_import_context GLX_EXT_texture_from_pixmap GLX_EXT_visual_info GLX_EXT_visual_rating GLX_INTEL_swap_event GLX_MESA_copy_sub_buffer GLX_MESA_query_renderer GLX_MESA_swap_control GLX_OML_swap_method GLX_OML_sync_control GLX_SGIS_multisample GLX_SGIX_fbconfig GLX_SGIX_pbuffer GLX_SGIX_visual_select_group GLX_SGI_make_current_read GLX_SGI_swap_control GLX_SGI_video_sync 
02:21:24: ***************************
02:21:24: *** GL Renderer Started ***
02:21:24: ***************************
02:21:24: Registering ResourceManager for type GpuProgram
02:21:24: GLSL support detected
02:21:24: GL: Using GL_EXT_framebuffer_object for rendering to textures (best)
02:21:24: FBO PF_UNKNOWN depth/stencil support: D0S1 D0S4 D0S8 D0S16 D16S0 D16S1 D16S4 D16S8 D16S16 D24S0 D24S1 D24S4 D24S8 D24S16 D32S0 D32S1 D32S4 D32S8 D32S16 Packed-D24S8 
02:21:24: FBO PF_L8 depth/stencil support: D0S0 D0S1 D0S4 D0S8 D0S16 D16S0 D16S1 D16S4 D16S8 D16S16 D24S0 D24S1 D24S4 D24S8 D24S16 D32S0 D32S1 D32S4 D32S8 D32S16 Packed-D24S8 
02:21:24: FBO PF_L16 depth/stencil support: D0S0 D0S1 D0S4 D0S8 D0S16 D16S0 D16S1 D16S4 D16S8 D16S16 D24S0 D24S1 D24S4 D24S8 D24S16 D32S0 D32S1 D32S4 D32S8 D32S16 Packed-D24S8 
02:21:24: FBO PF_A8 depth/stencil support: D0S0 D0S1 D0S4 D0S8 D0S16 D16S0 D16S1 D16S4 D16S8 D16S16 D24S0 D24S1 D24S4 D24S8 D24S16 D32S0 D32S1 D32S4 D32S8 D32S16 Packed-D24S8 
02:21:24: FBO PF_R5G6B5 depth/stencil support: D0S0 D0S1 D0S4 D0S8 D0S16 D16S0 D16S1 D16S4 D16S8 D16S16 D24S0 D24S1 D24S4 D24S8 D24S16 D32S0 D32S1 D32S4 D32S8 D32S16 Packed-D24S8 
02:21:24: FBO PF_B5G6R5 depth/stencil support: D0S0 D0S1 D0S4 D0S8 D0S16 D16S0 D16S1 D16S4 D16S8 D16S16 D24S0 D24S1 D24S4 D24S8 D24S16 D32S0 D32S1 D32S4 D32S8 D32S16 Packed-D24S8 
02:21:24: FBO PF_A4R4G4B4 depth/stencil support: D0S0 D0S1 D0S4 D0S8 D0S16 D16S0 D16S1 D16S4 D16S8 D16S16 D24S0 D24S1 D24S4 D24S8 D24S16 D32S0 D32S1 D32S4 D32S8 D32S16 Packed-D24S8 
02:21:24: FBO PF_A1R5G5B5 depth/stencil support: D0S0 D0S1 D0S4 D0S8 D0S16 D16S0 D16S1 D16S4 D16S8 D16S16 D24S0 D24S1 D24S4 D24S8 D24S16 D32S0 D32S1 D32S4 D32S8 D32S16 Packed-D24S8 
02:21:24: FBO PF_R8G8B8 depth/stencil support: D0S0 D0S1 D0S4 D0S8 D0S16 D16S0 D16S1 D16S4 D16S8 D16S16 D24S0 D24S1 D24S4 D24S8 D24S16 D32S0 D32S1 D32S4 D32S8 D32S16 Packed-D24S8 
02:21:24: FBO PF_B8G8R8 depth/stencil support: D0S0 D0S1 D0S4 D0S8 D0S16 D16S0 D16S1 D16S4 D16S8 D16S16 D24S0 D24S1 D24S4 D24S8 D24S16 D32S0 D32S1 D32S4 D32S8 D32S16 Packed-D24S8 
02:21:24: FBO PF_A8R8G8B8 depth/stencil support: D0S0 D0S1 D0S4 D0S8 D0S16 D16S0 D16S1 D16S4 D16S8 D16S16 D24S0 D24S1 D24S4 D24S8 D24S16 D32S0 D32S1 D32S4 D32S8 D32S16 Packed-D24S8 
02:21:24: FBO PF_B8G8R8A8 depth/stencil support: D0S0 D0S1 D0S4 D0S8 D0S16 D16S0 D16S1 D16S4 D16S8 D16S16 D24S0 D24S1 D24S4 D24S8 D24S16 D32S0 D32S1 D32S4 D32S8 D32S16 Packed-D24S8 
02:21:24: FBO PF_A2R10G10B10 depth/stencil support: D0S0 D0S1 D0S4 D0S8 D0S16 D16S0 D16S1 D16S4 D16S8 D16S16 D24S0 D24S1 D24S4 D24S8 D24S16 D32S0 D32S1 D32S4 D32S8 D32S16 Packed-D24S8 
02:21:24: FBO PF_A2B10G10R10 depth/stencil support: D0S0 D0S1 D0S4 D0S8 D0S16 D16S0 D16S1 D16S4 D16S8 D16S16 D24S0 D24S1 D24S4 D24S8 D24S16 D32S0 D32S1 D32S4 D32S8 D32S16 Packed-D24S8 
02:21:24: FBO PF_FLOAT16_RGB depth/stencil support: D0S0 D0S1 D0S4 D0S8 D0S16 D16S0 D16S1 D16S4 D16S8 D16S16 D24S0 D24S1 D24S4 D24S8 D24S16 D32S0 D32S1 D32S4 D32S8 D32S16 Packed-D24S8 
02:21:24: FBO PF_FLOAT16_RGBA depth/stencil support: D0S0 D0S1 D0S4 D0S8 D0S16 D16S0 D16S1 D16S4 D16S8 D16S16 D24S0 D24S1 D24S4 D24S8 D24S16 D32S0 D32S1 D32S4 D32S8 D32S16 Packed-D24S8 
02:21:24: FBO PF_FLOAT32_RGBA depth/stencil support: D0S0 D0S1 D0S4 D0S8 D0S16 D16S0 D16S1 D16S4 D16S8 D16S16 D24S0 D24S1 D24S4 D24S8 D24S16 D32S0 D32S1 D32S4 D32S8 D32S16 Packed-D24S8 
02:21:24: FBO PF_X8R8G8B8 depth/stencil support: D0S0 D0S1 D0S4 D0S8 D0S16 D16S0 D16S1 D16S4 D16S8 D16S16 D24S0 D24S1 D24S4 D24S8 D24S16 D32S0 D32S1 D32S4 D32S8 D32S16 Packed-D24S8 
02:21:24: FBO PF_X8B8G8R8 depth/stencil support: D0S0 D0S1 D0S4 D0S8 D0S16 D16S0 D16S1 D16S4 D16S8 D16S16 D24S0 D24S1 D24S4 D24S8 D24S16 D32S0 D32S1 D32S4 D32S8 D32S16 Packed-D24S8 
02:21:24: FBO PF_SHORT_RGBA depth/stencil support: D0S0 D0S1 D0S4 D0S8 D0S16 D16S0 D16S1 D16S4 D16S8 D16S16 D24S0 D24S1 D24S4 D24S8 D24S16 D32S0 D32S1 D32S4 D32S8 D32S16 Packed-D24S8 
02:21:24: FBO PF_R3G3B2 depth/stencil support: D0S0 D0S1 D0S4 D0S8 D0S16 D16S0 D16S1 D16S4 D16S8 D16S16 D24S0 D24S1 D24S4 D24S8 D24S16 D32S0 D32S1 D32S4 D32S8 D32S16 Packed-D24S8 
02:21:24: FBO PF_FLOAT16_R depth/stencil support: D0S0 D0S1 D0S4 D0S8 D0S16 D16S0 D16S1 D16S4 D16S8 D16S16 D24S0 D24S1 D24S4 D24S8 D24S16 D32S0 D32S1 D32S4 D32S8 D32S16 Packed-D24S8 
02:21:24: FBO PF_FLOAT32_R depth/stencil support: D0S0 D0S1 D0S4 D0S8 D0S16 D16S0 D16S1 D16S4 D16S8 D16S16 D24S0 D24S1 D24S4 D24S8 D24S16 D32S0 D32S1 D32S4 D32S8 D32S16 Packed-D24S8 
02:21:24: FBO PF_SHORT_RGB depth/stencil support: D0S0 D0S1 D0S4 D0S8 D0S16 D16S0 D16S1 D16S4 D16S8 D16S16 D24S0 D24S1 D24S4 D24S8 D24S16 D32S0 D32S1 D32S4 D32S8 D32S16 Packed-D24S8 
02:21:24: [GL] : Valid FBO targets PF_UNKNOWN PF_L8 PF_L16 PF_A8 PF_R5G6B5 PF_B5G6R5 PF_A4R4G4B4 PF_A1R5G5B5 PF_R8G8B8 PF_B8G8R8 PF_A8R8G8B8 PF_B8G8R8A8 PF_A2R10G10B10 PF_A2B10G10R10 PF_FLOAT16_RGB PF_FLOAT16_RGBA PF_FLOAT32_RGBA PF_X8R8G8B8 PF_X8B8G8R8 PF_SHORT_RGBA PF_R3G3B2 PF_FLOAT16_R PF_FLOAT32_R PF_SHORT_RGB 
02:21:24: RenderSystem capabilities
02:21:24: -------------------------
02:21:24: RenderSystem Name: OpenGL Rendering Subsystem
02:21:24: GPU Vendor: intel
02:21:24: Device Name: Mesa DRI Intel(R) Sandybridge Mobile 
02:21:24: Driver Version: 3.0.0.0
02:21:24:  * Fixed function pipeline: yes
02:21:24:  * Hardware generation of mipmaps: no
02:21:24:  * Texture blending: yes
02:21:24:  * Anisotropic texture filtering: yes
02:21:24:  * Dot product texture operation: yes
02:21:24:  * Cube mapping: yes
02:21:24:  * Hardware stencil buffer: yes
02:21:24:    - Stencil depth: 8
02:21:24:    - Two sided stencil support: yes
02:21:24:    - Wrap stencil values: yes
02:21:24:  * Hardware vertex / index buffers: yes
02:21:24:  * 32-bit index buffers: yes
02:21:24:  * Vertex programs: yes
02:21:24:  * Number of floating-point constants for vertex programs: 4096
02:21:24:  * Number of integer constants for vertex programs: 0
02:21:24:  * Number of boolean constants for vertex programs: 0
02:21:24:  * Fragment programs: yes
02:21:24:  * Number of floating-point constants for fragment programs: 4096
02:21:24:  * Number of integer constants for fragment programs: 0
02:21:24:  * Number of boolean constants for fragment programs: 0
02:21:24:  * Geometry programs: no
02:21:24:  * Number of floating-point constants for geometry programs: 0
02:21:24:  * Number of integer constants for geometry programs: 21240
02:21:24:  * Number of boolean constants for geometry programs: 932
02:21:24:  * Tesselation Hull programs: no
02:21:24:  * Number of floating-point constants for tesselation hull programs: 13879
02:21:24:  * Number of integer constants for tesselation hull programs: 56
02:21:24:  * Number of boolean constants for tesselation hull programs: 0
02:21:24:  * Tesselation Domain programs: no
02:21:24:  * Number of floating-point constants for tesselation domain programs: 0
02:21:24:  * Number of integer constants for tesselation domain programs: 21336
02:21:24:  * Number of boolean constants for tesselation domain programs: 932
02:21:24:  * Compute programs: no
02:21:24:  * Number of floating-point constants for compute programs: 32511
02:21:24:  * Number of integer constants for compute programs: 0
02:21:24:  * Number of boolean constants for compute programs: 11
02:21:24:  * Supported Shader Profiles: arbfp1 arbvp1 glsl glsl100 glsl110 glsl120
02:21:24:  * Texture Compression: yes
02:21:24:    - DXT: yes
02:21:24:    - VTC: no
02:21:24:    - PVRTC: no
02:21:24:    - ATC: no
02:21:24:    - ETC1: no
02:21:24:    - ETC2: no
02:21:24:    - BC4/BC5: no
02:21:24:    - BC6H/BC7: no
02:21:24:  * Scissor Rectangle: yes
02:21:24:  * Hardware Occlusion Query: yes
02:21:24:  * User clip planes: yes
02:21:24:  * VET_UBYTE4 vertex element type: yes
02:21:24:  * Infinite far plane projection: yes
02:21:24:  * Hardware render-to-texture: yes
02:21:24:  * Floating point textures: yes
02:21:24:  * Non-power-of-two textures: yes
02:21:24:  * 1d textures: yes
02:21:24:  * Volume textures: yes
02:21:24:  * Multiple Render Targets: 8
02:21:24:    - With different bit depths: yes
02:21:24:  * Point Sprites: yes
02:21:24:  * Extended point parameters: yes
02:21:24:  * Max Point Size: 255
02:21:24:  * Vertex texture fetch: yes
02:21:24:  * Number of world matrices: 0
02:21:24:  * Number of texture units: 16
02:21:24:  * Stencil buffer depth: 8
02:21:24:  * Number of vertex blend matrices: 0
02:21:24:    - Max vertex textures: 16
02:21:24:    - Vertex textures shared: yes
02:21:24:  * Render to Vertex Buffer : no
02:21:24:  * Hardware Atomic Counters: no
02:21:24:  * GL 1.5 without VBO workaround: no
02:21:24:  * Frame Buffer objects: yes
02:21:24:  * Frame Buffer objects (ARB extension): no
02:21:24:  * Frame Buffer objects (ATI extension): no
02:21:24:  * PBuffer support: yes
02:21:24:  * GL 1.5 without HW-occlusion workaround: no
02:21:24:  * Vertex Array Objects: no
02:21:24:  * Separate shader objects: no
02:21:24: DefaultWorkQueue('Root') initialising on thread 7eff03b35800.
02:21:24: Particle Renderer Type 'billboard' registered
02:21:24: SceneManagerFactory for type 'BspSceneManager' registered.
02:21:24: Registering ResourceManager for type BspLevel
02:21:24: DefaultWorkQueue('Root')::WorkerFunc - thread 7efeed737700 starting.
02:21:24: DefaultWorkQueue('Root')::WorkerFunc - thread 7efeedf38700 starting.
02:21:24: DefaultWorkQueue('Root')::WorkerFunc - thread 7efeeef3a700 starting.
02:21:24: SceneManagerFactory for type 'PCZSceneManager' registered.
02:21:24: MovableObjectFactory for type 'PCZLight' registered.
02:21:24: MovableObjectFactory for type 'Portal' registered.
02:21:24: MovableObjectFactory for type 'AntiPortal' registered.
02:21:24: PCZone Factory Type 'ZoneType_Octree' registered
02:21:24: SceneManagerFactory for type 'OctreeSceneManager' registered.
02:21:24: Parsing scripts for resource group Autodetect
02:21:24: Finished parsing scripts for resource group Autodetect
02:21:24: DefaultWorkQueue('Root')::WorkerFunc - thread 7efeee739700 starting.
02:21:24: Creating resources for group Autodetect
02:21:24: All done
02:21:24: Parsing scripts for resource group General
02:21:24: Parsing script Examples.program
02:21:24: Parsing script Instancing.program
02:21:24: Parsing script DualQuaternion.program
02:21:24: OGRE EXCEPTION(7:InternalErrorException): Unable to compile Cg program Ogre/DualQuaternionHardwareSkinningTwoWeightsTwoPhaseCg: The compile returned an error.
DualQuaternion.cg(90) : warning C7019: "blendWgt" is too large for semantic "BLENDWEIGHT", which is size 1
(0) : error C6007: Constant register limit exceeded; more than 96 constant registers needed to compiled program
(0) : error C6007: Constant register limit exceeded; more than 96 constant registers needed to compiled program
(0) : error C6007: Constant register limit exceeded; more than 96 constant registers needed to compiled program
(0) : error C6007: Constant register limit exceeded; more than 96 constant registers needed to compiled program
(0) : error C6007: Constant register limit exceeded; more than 96 constant registers needed to compiled program
(0) : error C6007: Constant register limit exceeded; more than 96 constant registers needed to compiled program
(0) : error C6007: Constant register limit exceeded; more than 96 constant registers needed to compiled program
(0) : error C6007: Constant register limit exceeded; more than 96 constant registers needed to compiled program
 in CgProgram::compileMicrocode at /home/esantiago/Downloads/ogre/PlugIns/CgProgramManager/src/OgreCgProgramManagerDll.cpp (line 67)
02:21:24: High-level program Ogre/DualQuaternionHardwareSkinningTwoWeightsTwoPhaseCg encountered an error during loading and is thus not supported.
OGRE EXCEPTION(7:InternalErrorException): Unable to compile Cg program Ogre/DualQuaternionHardwareSkinningTwoWeightsTwoPhaseCg: The compile returned an error.
DualQuaternion.cg(90) : warning C7019: "blendWgt" is too large for semantic "BLENDWEIGHT", which is size 1
(0) : error C6007: Constant register limit exceeded; more than 96 constant registers needed to compiled program
(0) : error C6007: Constant register limit exceeded; more than 96 constant registers needed to compiled program
(0) : error C6007: Constant register limit exceeded; more than 96 constant registers needed to compiled program
(0) : error C6007: Constant register limit exceeded; more than 96 constant registers needed to compiled program
(0) : error C6007: Constant register limit exceeded; more than 96 constant registers needed to compiled program
(0) : error C6007: Constant register limit exceeded; more than 96 constant registers needed to compiled program
(0) : error C6007: Constant register limit exceeded; more than 96 constant registers needed to compiled program
(0) : error C6007: Constant register limit exceeded; more than 96 constant registers needed to compiled program
 in CgProgram::compileMicrocode at /home/esantiago/Downloads/ogre/PlugIns/CgProgramManager/src/OgreCgProgramManagerDll.cpp (line 67)
02:21:24: OGRE EXCEPTION(2:InvalidParametersException): Named constants have not been initialised, perhaps a compile error. in GpuProgramParameters::_findNamedConstantDefinition at /home/esantiago/Downloads/ogre/OgreMain/src/OgreGpuProgramParams.cpp (line 1709)
02:21:24: Compiler error: invalid parameters in DualQuaternion.program(28): setting of constant failed
02:21:24: Parsing script StdQuad_vp.program
02:21:24: Parsing script ShadowCaster.program
02:21:24: Parsing script deferred_post.program
02:21:24: Parsing script GBuffer.program
02:21:24: Parsing script triplanarReference.program
02:21:24: Parsing script SdkTrays.material
02:21:24: Parsing script OgreProfiler.material
02:21:24: Parsing script CompositorDemo.material
02:21:24: Parsing script instancing.material
02:21:24: Parsing script VTFInstancing.material
02:21:24: Parsing script Examples.material
02:21:24: Parsing script OffsetMapping.material
02:21:24: Compiler error: object unsupported by render system in OffsetMapping.material(35): , Shader name: Examples/OffsetMappingPSAsm
02:21:24: Parsing script Penguin.material
02:21:24: Parsing script Example-Water.material
02:21:24: Parsing script Invert.material
02:21:24: Parsing script ASCII.material
02:21:24: Parsing script Posterize.material
02:21:24: Parsing script Glass.material
02:21:24: Parsing script SharpenEdges.material
02:21:24: Parsing script HWInstancing.material
02:21:24: Parsing script Dither.material
02:21:24: Parsing script IsoSurf.material
02:21:24: Parsing script Examples-Advanced.material
02:21:24: Compiler error: object unsupported by render system in Examples-Advanced.material(728): , Shader name: Examples/FresnelRefractReflectPS
02:21:24: Compiler error: object unsupported by render system in Examples-Advanced.material(1027): , Shader name: Examples/TextureArrayPSasm
02:21:24: Parsing script ParticleGS.material
02:21:24: Parsing script Embossed.material
02:21:24: Parsing script Ocean.material
02:21:24: Parsing script BlackAndWhite.material
02:21:24: Parsing script HW_VTFInstancing.material
02:21:24: Parsing script ShaderSystem.material
02:21:24: Parsing script facial.material
02:21:24: Parsing script HW_VTF_LUTInstancing.material
02:21:24: Parsing script hdr.material
02:21:24: Parsing script ShaderInstancing.material
02:21:24: Parsing script pssm.material
02:21:24: Parsing script Ogre.material
02:21:24: Parsing script smoke.material
02:21:24: Parsing script RasterizationOrder.material
02:21:24: Parsing script CGSwizzle.material
02:21:24: Parsing script Bloom2.material
02:21:24: Parsing script Hurt.material
02:21:24: Parsing script DualQuaternion.material
02:21:24: Parsing script sibenik.material
02:21:24: Parsing script VarianceShadowmap.material
02:21:24: Parsing script shadows.material
02:21:24: Parsing script GLSLSwizzle.material
02:21:24: Parsing script NightVision.material
02:21:24: Parsing script RZR-002.material
02:21:24: Parsing script Bloom.material
02:21:24: Parsing script Tiling.material
02:21:24: Parsing script MotionBlur.material
02:21:24: Parsing script OldTV.material
02:21:24: Parsing script Laplace.material
02:21:24: Parsing script HeatVision.material
02:21:24: Parsing script InstancingMisc.material
02:21:24: Parsing script AdaptivePNTrianglesTessellation.material
02:21:24: Parsing script RadialBlur.material
02:21:24: Parsing script ASMSwizzle.material
02:21:24: Compiler error: object unsupported by render system in ASMSwizzle.material(1): , Shader name: Ogre/GPTest/Swizzle_GP_ASM
02:21:24: Parsing script Halftone.material
02:21:24: Parsing script Examples-DynTex.material
02:21:24: Parsing script DepthShadowmap.material
02:21:24: Parsing script Tesselation.material
02:21:24: Parsing script OldMovie.material
02:21:24: Parsing script DOF.material
02:21:25: Parsing script Examples-Water.material
02:21:25: Parsing script MRTtest.material
02:21:25: Parsing script ShadowCaster.material
02:21:25: Parsing script deferred_post.material
02:21:25: Parsing script deferreddemo.material
02:21:25: Parsing script deferred_post_minilight.material
02:21:25: Parsing script ssao.material
02:21:25: Parsing script ROOM.material
02:21:25: Parsing script HardwareSkinningShadow.material
02:21:25: OGRE EXCEPTION(6:FileNotFoundException): Cannot locate resource HardwareSkinningShadow.cg in resource group General or any other group. in ResourceGroupManager::openResource at /home/esantiago/Downloads/ogre/OgreMain/src/OgreResourceGroupManager.cpp (line 756)
02:21:25: High-level program Ogre/RTShader/shadow_caster_ps_cg encountered an error during loading and is thus not supported.
OGRE EXCEPTION(6:FileNotFoundException): Cannot locate resource HardwareSkinningShadow.cg in resource group General or any other group. in ResourceGroupManager::openResource at /home/esantiago/Downloads/ogre/OgreMain/src/OgreResourceGroupManager.cpp (line 756)
02:21:25: OGRE EXCEPTION(6:FileNotFoundException): Cannot locate resource HardwareSkinningShadow.cg in resource group General or any other group. in ResourceGroupManager::openResource at /home/esantiago/Downloads/ogre/OgreMain/src/OgreResourceGroupManager.cpp (line 756)
02:21:25: High-level program Ogre/RTShader/shadow_caster_skinning_1weight_vs_cg encountered an error during loading and is thus not supported.
OGRE EXCEPTION(6:FileNotFoundException): Cannot locate resource HardwareSkinningShadow.cg in resource group General or any other group. in ResourceGroupManager::openResource at /home/esantiago/Downloads/ogre/OgreMain/src/OgreResourceGroupManager.cpp (line 756)
02:21:25: OGRE EXCEPTION(2:InvalidParametersException): Named constants have not been initialised, perhaps a compile error. in GpuProgramParameters::_findNamedConstantDefinition at /home/esantiago/Downloads/ogre/OgreMain/src/OgreGpuProgramParams.cpp (line 1709)
02:21:25: Compiler error: invalid parameters in HardwareSkinningShadow.material(29): setting of constant failed
02:21:25: OGRE EXCEPTION(2:InvalidParametersException): Named constants have not been initialised, perhaps a compile error. in GpuProgramParameters::_findNamedConstantDefinition at /home/esantiago/Downloads/ogre/OgreMain/src/OgreGpuProgramParams.cpp (line 1709)
02:21:25: Compiler error: invalid parameters in HardwareSkinningShadow.material(30): setting of constant failed
02:21:25: OGRE EXCEPTION(6:FileNotFoundException): Cannot locate resource HardwareSkinningShadow.cg in resource group General or any other group. in ResourceGroupManager::openResource at /home/esantiago/Downloads/ogre/OgreMain/src/OgreResourceGroupManager.cpp (line 756)
02:21:25: High-level program Ogre/RTShader/shadow_caster_skinning_2weight_vs_cg encountered an error during loading and is thus not supported.
OGRE EXCEPTION(6:FileNotFoundException): Cannot locate resource HardwareSkinningShadow.cg in resource group General or any other group. in ResourceGroupManager::openResource at /home/esantiago/Downloads/ogre/OgreMain/src/OgreResourceGroupManager.cpp (line 756)
02:21:25: OGRE EXCEPTION(2:InvalidParametersException): Named constants have not been initialised, perhaps a compile error. in GpuProgramParameters::_findNamedConstantDefinition at /home/esantiago/Downloads/ogre/OgreMain/src/OgreGpuProgramParams.cpp (line 1709)
02:21:25: Compiler error: invalid parameters in HardwareSkinningShadow.material(43): setting of constant failed
02:21:25: OGRE EXCEPTION(2:InvalidParametersException): Named constants have not been initialised, perhaps a compile error. in GpuProgramParameters::_findNamedConstantDefinition at /home/esantiago/Downloads/ogre/OgreMain/src/OgreGpuProgramParams.cpp (line 1709)
02:21:25: Compiler error: invalid parameters in HardwareSkinningShadow.material(44): setting of constant failed
02:21:25: OGRE EXCEPTION(6:FileNotFoundException): Cannot locate resource HardwareSkinningShadow.cg in resource group General or any other group. in ResourceGroupManager::openResource at /home/esantiago/Downloads/ogre/OgreMain/src/OgreResourceGroupManager.cpp (line 756)
02:21:25: High-level program Ogre/RTShader/shadow_caster_skinning_3weight_vs_cg encountered an error during loading and is thus not supported.
OGRE EXCEPTION(6:FileNotFoundException): Cannot locate resource HardwareSkinningShadow.cg in resource group General or any other group. in ResourceGroupManager::openResource at /home/esantiago/Downloads/ogre/OgreMain/src/OgreResourceGroupManager.cpp (line 756)
02:21:25: OGRE EXCEPTION(2:InvalidParametersException): Named constants have not been initialised, perhaps a compile error. in GpuProgramParameters::_findNamedConstantDefinition at /home/esantiago/Downloads/ogre/OgreMain/src/OgreGpuProgramParams.cpp (line 1709)
02:21:25: Compiler error: invalid parameters in HardwareSkinningShadow.material(57): setting of constant failed
02:21:25: OGRE EXCEPTION(2:InvalidParametersException): Named constants have not been initialised, perhaps a compile error. in GpuProgramParameters::_findNamedConstantDefinition at /home/esantiago/Downloads/ogre/OgreMain/src/OgreGpuProgramParams.cpp (line 1709)
02:21:25: Compiler error: invalid parameters in HardwareSkinningShadow.material(58): setting of constant failed
02:21:25: OGRE EXCEPTION(6:FileNotFoundException): Cannot locate resource HardwareSkinningShadow.cg in resource group General or any other group. in ResourceGroupManager::openResource at /home/esantiago/Downloads/ogre/OgreMain/src/OgreResourceGroupManager.cpp (line 756)
02:21:25: High-level program Ogre/RTShader/shadow_caster_skinning_4weight_vs_cg encountered an error during loading and is thus not supported.
OGRE EXCEPTION(6:FileNotFoundException): Cannot locate resource HardwareSkinningShadow.cg in resource group General or any other group. in ResourceGroupManager::openResource at /home/esantiago/Downloads/ogre/OgreMain/src/OgreResourceGroupManager.cpp (line 756)
02:21:25: OGRE EXCEPTION(2:InvalidParametersException): Named constants have not been initialised, perhaps a compile error. in GpuProgramParameters::_findNamedConstantDefinition at /home/esantiago/Downloads/ogre/OgreMain/src/OgreGpuProgramParams.cpp (line 1709)
02:21:25: Compiler error: invalid parameters in HardwareSkinningShadow.material(72): setting of constant failed
02:21:25: OGRE EXCEPTION(2:InvalidParametersException): Named constants have not been initialised, perhaps a compile error. in GpuProgramParameters::_findNamedConstantDefinition at /home/esantiago/Downloads/ogre/OgreMain/src/OgreGpuProgramParams.cpp (line 1709)
02:21:25: Compiler error: invalid parameters in HardwareSkinningShadow.material(73): setting of constant failed
02:21:25: OGRE EXCEPTION(6:FileNotFoundException): Cannot locate resource HardwareSkinningShadow.cg in resource group General or any other group. in ResourceGroupManager::openResource at /home/esantiago/Downloads/ogre/OgreMain/src/OgreResourceGroupManager.cpp (line 756)
02:21:25: High-level program Ogre/RTShader/shadow_receiver_vs encountered an error during loading and is thus not supported.
OGRE EXCEPTION(6:FileNotFoundException): Cannot locate resource HardwareSkinningShadow.cg in resource group General or any other group. in ResourceGroupManager::openResource at /home/esantiago/Downloads/ogre/OgreMain/src/OgreResourceGroupManager.cpp (line 756)
02:21:25: OGRE EXCEPTION(2:InvalidParametersException): Named constants have not been initialised, perhaps a compile error. in GpuProgramParameters::_findNamedConstantDefinition at /home/esantiago/Downloads/ogre/OgreMain/src/OgreGpuProgramParams.cpp (line 1709)
02:21:25: Compiler error: invalid parameters in HardwareSkinningShadow.material(302): setting of constant failed
02:21:25: OGRE EXCEPTION(6:FileNotFoundException): Cannot locate resource HardwareSkinningShadow.cg in resource group General or any other group. in ResourceGroupManager::openResource at /home/esantiago/Downloads/ogre/OgreMain/src/OgreResourceGroupManager.cpp (line 756)
02:21:25: High-level program Ogre/RTShader/shadow_receiver_ps encountered an error during loading and is thus not supported.
OGRE EXCEPTION(6:FileNotFoundException): Cannot locate resource HardwareSkinningShadow.cg in resource group General or any other group. in ResourceGroupManager::openResource at /home/esantiago/Downloads/ogre/OgreMain/src/OgreResourceGroupManager.cpp (line 756)
02:21:25: Parsing script DualQuaternionSkinning_Shadow.material
02:21:25: OGRE EXCEPTION(6:FileNotFoundException): Cannot locate resource DualQuaternionSkinning_Shadow.cg in resource group General or any other group. in ResourceGroupManager::openResource at /home/esantiago/Downloads/ogre/OgreMain/src/OgreResourceGroupManager.cpp (line 756)
02:21:25: High-level program Ogre/RTShader/shadow_caster_dq_ps_cg encountered an error during loading and is thus not supported.
OGRE EXCEPTION(6:FileNotFoundException): Cannot locate resource DualQuaternionSkinning_Shadow.cg in resource group General or any other group. in ResourceGroupManager::openResource at /home/esantiago/Downloads/ogre/OgreMain/src/OgreResourceGroupManager.cpp (line 756)
02:21:25: OGRE EXCEPTION(6:FileNotFoundException): Cannot locate resource DualQuaternionSkinning_Shadow.cg in resource group General or any other group. in ResourceGroupManager::openResource at /home/esantiago/Downloads/ogre/OgreMain/src/OgreResourceGroupManager.cpp (line 756)
02:21:25: High-level program Ogre/RTShader/shadow_caster_dq_skinning_1weight_vs_cg encountered an error during loading and is thus not supported.
OGRE EXCEPTION(6:FileNotFoundException): Cannot locate resource DualQuaternionSkinning_Shadow.cg in resource group General or any other group. in ResourceGroupManager::openResource at /home/esantiago/Downloads/ogre/OgreMain/src/OgreResourceGroupManager.cpp (line 756)
02:21:25: OGRE EXCEPTION(2:InvalidParametersException): Named constants have not been initialised, perhaps a compile error. in GpuProgramParameters::_findNamedConstantDefinition at /home/esantiago/Downloads/ogre/OgreMain/src/OgreGpuProgramParams.cpp (line 1709)
02:21:25: Compiler error: invalid parameters in DualQuaternionSkinning_Shadow.material(180): setting of constant failed
02:21:25: OGRE EXCEPTION(2:InvalidParametersException): Named constants have not been initialised, perhaps a compile error. in GpuProgramParameters::_findNamedConstantDefinition at /home/esantiago/Downloads/ogre/OgreMain/src/OgreGpuProgramParams.cpp (line 1709)
02:21:25: Compiler error: invalid parameters in DualQuaternionSkinning_Shadow.material(181): setting of constant failed
02:21:25: OGRE EXCEPTION(2:InvalidParametersException): Named constants have not been initialised, perhaps a compile error. in GpuProgramParameters::_findNamedConstantDefinition at /home/esantiago/Downloads/ogre/OgreMain/src/OgreGpuProgramParams.cpp (line 1709)
02:21:25: Compiler error: invalid parameters in DualQuaternionSkinning_Shadow.material(182): setting of constant failed
02:21:25: OGRE EXCEPTION(6:FileNotFoundException): Cannot locate resource DualQuaternionSkinning_Shadow.cg in resource group General or any other group. in ResourceGroupManager::openResource at /home/esantiago/Downloads/ogre/OgreMain/src/OgreResourceGroupManager.cpp (line 756)
02:21:25: High-level program Ogre/RTShader/shadow_caster_dq_skinning_2weight_vs_cg encountered an error during loading and is thus not supported.
OGRE EXCEPTION(6:FileNotFoundException): Cannot locate resource DualQuaternionSkinning_Shadow.cg in resource group General or any other group. in ResourceGroupManager::openResource at /home/esantiago/Downloads/ogre/OgreMain/src/OgreResourceGroupManager.cpp (line 756)
02:21:25: OGRE EXCEPTION(2:InvalidParametersException): Named constants have not been initialised, perhaps a compile error. in GpuProgramParameters::_findNamedConstantDefinition at /home/esantiago/Downloads/ogre/OgreMain/src/OgreGpuProgramParams.cpp (line 1709)
02:21:25: Compiler error: invalid parameters in DualQuaternionSkinning_Shadow.material(196): setting of constant failed
02:21:25: OGRE EXCEPTION(2:InvalidParametersException): Named constants have not been initialised, perhaps a compile error. in GpuProgramParameters::_findNamedConstantDefinition at /home/esantiago/Downloads/ogre/OgreMain/src/OgreGpuProgramParams.cpp (line 1709)
02:21:25: Compiler error: invalid parameters in DualQuaternionSkinning_Shadow.material(197): setting of constant failed
02:21:25: OGRE EXCEPTION(2:InvalidParametersException): Named constants have not been initialised, perhaps a compile error. in GpuProgramParameters::_findNamedConstantDefinition at /home/esantiago/Downloads/ogre/OgreMain/src/OgreGpuProgramParams.cpp (line 1709)
02:21:25: Compiler error: invalid parameters in DualQuaternionSkinning_Shadow.material(198): setting of constant failed
02:21:25: OGRE EXCEPTION(6:FileNotFoundException): Cannot locate resource DualQuaternionSkinning_Shadow.cg in resource group General or any other group. in ResourceGroupManager::openResource at /home/esantiago/Downloads/ogre/OgreMain/src/OgreResourceGroupManager.cpp (line 756)
02:21:25: High-level program Ogre/RTShader/shadow_caster_dq_skinning_3weight_vs_cg encountered an error during loading and is thus not supported.
OGRE EXCEPTION(6:FileNotFoundException): Cannot locate resource DualQuaternionSkinning_Shadow.cg in resource group General or any other group. in ResourceGroupManager::openResource at /home/esantiago/Downloads/ogre/OgreMain/src/OgreResourceGroupManager.cpp (line 756)
02:21:25: OGRE EXCEPTION(2:InvalidParametersException): Named constants have not been initialised, perhaps a compile error. in GpuProgramParameters::_findNamedConstantDefinition at /home/esantiago/Downloads/ogre/OgreMain/src/OgreGpuProgramParams.cpp (line 1709)
02:21:25: Compiler error: invalid parameters in DualQuaternionSkinning_Shadow.material(211): setting of constant failed
02:21:25: OGRE EXCEPTION(2:InvalidParametersException): Named constants have not been initialised, perhaps a compile error. in GpuProgramParameters::_findNamedConstantDefinition at /home/esantiago/Downloads/ogre/OgreMain/src/OgreGpuProgramParams.cpp (line 1709)
02:21:25: Compiler error: invalid parameters in DualQuaternionSkinning_Shadow.material(212): setting of constant failed
02:21:25: OGRE EXCEPTION(2:InvalidParametersException): Named constants have not been initialised, perhaps a compile error. in GpuProgramParameters::_findNamedConstantDefinition at /home/esantiago/Downloads/ogre/OgreMain/src/OgreGpuProgramParams.cpp (line 1709)
02:21:25: Compiler error: invalid parameters in DualQuaternionSkinning_Shadow.material(213): setting of constant failed
02:21:25: OGRE EXCEPTION(6:FileNotFoundException): Cannot locate resource DualQuaternionSkinning_Shadow.cg in resource group General or any other group. in ResourceGroupManager::openResource at /home/esantiago/Downloads/ogre/OgreMain/src/OgreResourceGroupManager.cpp (line 756)
02:21:25: High-level program Ogre/RTShader/shadow_caster_dq_skinning_4weight_vs_cg encountered an error during loading and is thus not supported.
OGRE EXCEPTION(6:FileNotFoundException): Cannot locate resource DualQuaternionSkinning_Shadow.cg in resource group General or any other group. in ResourceGroupManager::openResource at /home/esantiago/Downloads/ogre/OgreMain/src/OgreResourceGroupManager.cpp (line 756)
02:21:25: OGRE EXCEPTION(2:InvalidParametersException): Named constants have not been initialised, perhaps a compile error. in GpuProgramParameters::_findNamedConstantDefinition at /home/esantiago/Downloads/ogre/OgreMain/src/OgreGpuProgramParams.cpp (line 1709)
02:21:25: Compiler error: invalid parameters in DualQuaternionSkinning_Shadow.material(227): setting of constant failed
02:21:25: OGRE EXCEPTION(2:InvalidParametersException): Named constants have not been initialised, perhaps a compile error. in GpuProgramParameters::_findNamedConstantDefinition at /home/esantiago/Downloads/ogre/OgreMain/src/OgreGpuProgramParams.cpp (line 1709)
02:21:25: Compiler error: invalid parameters in DualQuaternionSkinning_Shadow.material(228): setting of constant failed
02:21:25: OGRE EXCEPTION(2:InvalidParametersException): Named constants have not been initialised, perhaps a compile error. in GpuProgramParameters::_findNamedConstantDefinition at /home/esantiago/Downloads/ogre/OgreMain/src/OgreGpuProgramParams.cpp (line 1709)
02:21:25: Compiler error: invalid parameters in DualQuaternionSkinning_Shadow.material(229): setting of constant failed
02:21:25: OGRE EXCEPTION(6:FileNotFoundException): Cannot locate resource DualQuaternionSkinning_Shadow.cg in resource group General or any other group. in ResourceGroupManager::openResource at /home/esantiago/Downloads/ogre/OgreMain/src/OgreResourceGroupManager.cpp (line 756)
02:21:25: High-level program Ogre/RTShader/shadow_caster_dq_skinning_1weight_twophase_vs_cg encountered an error during loading and is thus not supported.
OGRE EXCEPTION(6:FileNotFoundException): Cannot locate resource DualQuaternionSkinning_Shadow.cg in resource group General or any other group. in ResourceGroupManager::openResource at /home/esantiago/Downloads/ogre/OgreMain/src/OgreResourceGroupManager.cpp (line 756)
02:21:25: OGRE EXCEPTION(2:InvalidParametersException): Named constants have not been initialised, perhaps a compile error. in GpuProgramParameters::_findNamedConstantDefinition at /home/esantiago/Downloads/ogre/OgreMain/src/OgreGpuProgramParams.cpp (line 1709)
02:21:25: Compiler error: invalid parameters in DualQuaternionSkinning_Shadow.material(242): setting of constant failed
02:21:25: OGRE EXCEPTION(2:InvalidParametersException): Named constants have not been initialised, perhaps a compile error. in GpuProgramParameters::_findNamedConstantDefinition at /home/esantiago/Downloads/ogre/OgreMain/src/OgreGpuProgramParams.cpp (line 1709)
02:21:25: Compiler error: invalid parameters in DualQuaternionSkinning_Shadow.material(243): setting of constant failed
02:21:25: OGRE EXCEPTION(2:InvalidParametersException): Named constants have not been initialised, perhaps a compile error. in GpuProgramParameters::_findNamedConstantDefinition at /home/esantiago/Downloads/ogre/OgreMain/src/OgreGpuProgramParams.cpp (line 1709)
02:21:25: Compiler error: invalid parameters in DualQuaternionSkinning_Shadow.material(244): setting of constant failed
02:21:25: OGRE EXCEPTION(2:InvalidParametersException): Named constants have not been initialised, perhaps a compile error. in GpuProgramParameters::_findNamedConstantDefinition at /home/esantiago/Downloads/ogre/OgreMain/src/OgreGpuProgramParams.cpp (line 1709)
02:21:25: Compiler error: invalid parameters in DualQuaternionSkinning_Shadow.material(245): setting of constant failed
02:21:25: OGRE EXCEPTION(6:FileNotFoundException): Cannot locate resource DualQuaternionSkinning_Shadow.cg in resource group General or any other group. in ResourceGroupManager::openResource at /home/esantiago/Downloads/ogre/OgreMain/src/OgreResourceGroupManager.cpp (line 756)
02:21:25: High-level program Ogre/RTShader/shadow_caster_dq_skinning_2weight_twophase_vs_cg encountered an error during loading and is thus not supported.
OGRE EXCEPTION(6:FileNotFoundException): Cannot locate resource DualQuaternionSkinning_Shadow.cg in resource group General or any other group. in ResourceGroupManager::openResource at /home/esantiago/Downloads/ogre/OgreMain/src/OgreResourceGroupManager.cpp (line 756)
02:21:25: OGRE EXCEPTION(2:InvalidParametersException): Named constants have not been initialised, perhaps a compile error. in GpuProgramParameters::_findNamedConstantDefinition at /home/esantiago/Downloads/ogre/OgreMain/src/OgreGpuProgramParams.cpp (line 1709)
02:21:25: Compiler error: invalid parameters in DualQuaternionSkinning_Shadow.material(259): setting of constant failed
02:21:25: OGRE EXCEPTION(2:InvalidParametersException): Named constants have not been initialised, perhaps a compile error. in GpuProgramParameters::_findNamedConstantDefinition at /home/esantiago/Downloads/ogre/OgreMain/src/OgreGpuProgramParams.cpp (line 1709)
02:21:25: Compiler error: invalid parameters in DualQuaternionSkinning_Shadow.material(260): setting of constant failed
02:21:25: OGRE EXCEPTION(2:InvalidParametersException): Named constants have not been initialised, perhaps a compile error. in GpuProgramParameters::_findNamedConstantDefinition at /home/esantiago/Downloads/ogre/OgreMain/src/OgreGpuProgramParams.cpp (line 1709)
02:21:25: Compiler error: invalid parameters in DualQuaternionSkinning_Shadow.material(261): setting of constant failed
02:21:25: OGRE EXCEPTION(2:InvalidParametersException): Named constants have not been initialised, perhaps a compile error. in GpuProgramParameters::_findNamedConstantDefinition at /home/esantiago/Downloads/ogre/OgreMain/src/OgreGpuProgramParams.cpp (line 1709)
02:21:25: Compiler error: invalid parameters in DualQuaternionSkinning_Shadow.material(262): setting of constant failed
02:21:25: Parsing script RTShaderSystem.material
02:21:25: Compiler error: unknown error in RTShaderSystem.material(23): token "rtshader_system" is not recognized
02:21:25: Compiler error: unknown error in RTShaderSystem.material(52): token "rtshader_system" is not recognized
02:21:25: Compiler error: unknown error in RTShaderSystem.material(81): token "rtshader_system" is not recognized
02:21:25: Compiler error: unknown error in RTShaderSystem.material(110): token "rtshader_system" is not recognized
02:21:25: Compiler error: unknown error in RTShaderSystem.material(146): token "rtshader_system" is not recognized
02:21:25: Compiler error: unknown error in RTShaderSystem.material(81): token "rtshader_system" is not recognized
02:21:25: Compiler error: unknown error in RTShaderSystem.material(162): token "rtshader_system" is not recognized
02:21:25: Compiler error: unknown error in RTShaderSystem.material(81): token "rtshader_system" is not recognized
02:21:25: Compiler error: unknown error in RTShaderSystem.material(110): token "rtshader_system" is not recognized
02:21:25: Compiler error: unknown error in RTShaderSystem.material(211): token "rtshader_system" is not recognized
02:21:25: Parsing script TriplanarTexturing.material
02:21:25: Compiler error: unknown error in TriplanarTexturing.material(9): token "rtshader_system" is not recognized
02:21:25: Parsing script UnsharpMask.material
02:21:25: Parsing script ShowNormals.material
02:21:25: Parsing script SSAOPost.material
02:21:25: Parsing script ShowDepth.material
02:21:25: Parsing script HemisphereMC.material
02:21:25: Parsing script CreaseShading.material
02:21:25: Parsing script ShowViewPos.material
02:21:25: Parsing script Volumetric.material
02:21:25: Parsing script Crytek.material
02:21:25: Parsing script Modulate.material
02:21:25: Parsing script GBuffer.material
02:21:25: Parsing script HorizonBased.material
02:21:25: Parsing script triplanarReference.material
02:21:25: Parsing script cursor.material
02:21:25: Parsing script Ocean.material
02:21:25: Parsing script ffg.material
02:21:25: Parsing script shipInfo.material
02:21:25: Parsing script ddg51.material
02:21:25: Parsing script Scene.material
02:21:25: Parsing script wake.material
02:21:25: Parsing script cvn68.material
02:21:25: Parsing script RomanBath.material
02:21:25: Parsing script Sinbad.material
02:21:25: Parsing script Examples-Water.particle
02:21:25: Parsing script Examples.particle
02:21:25: Parsing script smoke.particle
02:21:25: Parsing script emitted_emitter.particle
02:21:25: Parsing script Examples.compositor
02:21:25: Parsing script ssao.compositor
02:21:25: Parsing script deferred.compositor
02:21:25: Parsing script SSAOPost.compositor
02:21:25: Parsing script SSAO.compositor
02:21:25: Finished parsing scripts for resource group General
02:21:25: Creating resources for group General
02:21:25: All done
02:21:25: Parsing scripts for resource group Internal
02:21:25: Finished parsing scripts for resource group Internal
02:21:25: Creating resources for group Internal
02:21:25: All done
02:21:25: *** Initializing OIS ***
02:21:25: Texture: waves2.dds: Loading 1 faces(PF_A8R8G8B8,256x256x1) with 5 generated mipmaps from Image. Internal format is PF_A8R8G8B8,256x256x1.
02:21:25: Texture: morning.jpg: Loading 6 faces(PF_R8G8B8,512x512x1) with 5 generated mipmaps from multiple Images. Internal format is PF_X8R8G8B8,512x512x1.
02:21:25: Texture: morning_fr.jpg: Loading 1 faces(PF_R8G8B8,512x512x1) with 5 generated mipmaps from Image. Internal format is PF_X8R8G8B8,512x512x1.
02:21:25: Texture: morning_bk.jpg: Loading 1 faces(PF_R8G8B8,512x512x1) with 5 generated mipmaps from Image. Internal format is PF_X8R8G8B8,512x512x1.
02:21:25: Texture: morning_lf.jpg: Loading 1 faces(PF_R8G8B8,512x512x1) with 5 generated mipmaps from Image. Internal format is PF_X8R8G8B8,512x512x1.
02:21:25: Texture: morning_rt.jpg: Loading 1 faces(PF_R8G8B8,512x512x1) with 5 generated mipmaps from Image. Internal format is PF_X8R8G8B8,512x512x1.
02:21:25: Texture: morning_up.jpg: Loading 1 faces(PF_R8G8B8,512x512x1) with 5 generated mipmaps from Image. Internal format is PF_X8R8G8B8,512x512x1.
02:21:25: Texture: morning_dn.jpg: Loading 1 faces(PF_R8G8B8,512x512x1) with 5 generated mipmaps from Image. Internal format is PF_X8R8G8B8,512x512x1.
02:21:25: Mesh: Loading alienship.mesh.
02:21:25: Can't assign material al-1 to SubEntity of AlienShip: 0 because this Material does not exist. Have you forgotten to define it in a .material script?
02:21:25: Mesh: Loading cigarette.mesh.
02:21:25: Can't assign material SOLID/TEX/ecslHorizontal.bmp to SubEntity of Speedboat: 1 because this Material does not exist. Have you forgotten to define it in a .material script?
02:21:25: Mesh: Loading sleek.mesh.
02:21:25: Can't assign material DD21-Cabin-X/SOLID/TEX/ecsl.bmp to SubEntity of Frigate: 2 because this Material does not exist. Have you forgotten to define it in a .material script?
02:21:25: Can't assign material DD21-Cabin-Cubic/SOLID/TEX/ecsl.bmp to SubEntity of Frigate: 2 because this Material does not exist. Have you forgotten to define it in a .material script?
02:21:25: Can't assign material DD21-Arrays/SOLID/TEX/ecsl.bmp to SubEntity of Frigate: 2 because this Material does not exist. Have you forgotten to define it in a .material script?
02:21:25: Can't assign material DD21-Helo-Deck/SOLID/TEX/ecsl.bmp to SubEntity of Frigate: 2 because this Material does not exist. Have you forgotten to define it in a .material script?
02:21:25: Can't assign material DD21-Main-Rim/SOLID/TEX/ecsl.bmp to SubEntity of Frigate: 2 because this Material does not exist. Have you forgotten to define it in a .material script?
02:21:25: Can't assign material DD21-Main-Deck/SOLID/TEX/ecsl.bmp to SubEntity of Frigate: 2 because this Material does not exist. Have you forgotten to define it in a .material script?
02:21:25: Can't assign material DD21-Pipe/SOLID/TEX/ecsl.bmp to SubEntity of Frigate: 2 because this Material does not exist. Have you forgotten to define it in a .material script?
02:21:25: Can't assign material DD21-Cabin-Z/SOLID/TEX/ecsl.bmp to SubEntity of Frigate: 2 because this Material does not exist. Have you forgotten to define it in a .material script?
02:21:25: Can't assign material DD21-Dark-Hatche/SOLID/TEX/ecsl.bmp to SubEntity of Frigate: 2 because this Material does not exist. Have you forgotten to define it in a .material script?
02:21:25: Can't assign material DD21-Main-Hull/SOLID/TEX/ecsl.bmp to SubEntity of Frigate: 2 because this Material does not exist. Have you forgotten to define it in a .material script?
02:21:25: Can't assign material DD21-White/SOLID/TEX/ecsl.bmp to SubEntity of Frigate: 2 because this Material does not exist. Have you forgotten to define it in a .material script?
02:21:25: Mesh: Loading ddg51.mesh.
02:21:25: WARNING: ddg51.mesh is an older format ([MeshSerializer_v1.40]); you should upgrade it as soon as possible using the OgreMeshUpgrade tool.
02:21:25: Texture: ecslHorizontal.bmp: Loading 1 faces(PF_R8G8B8,128x128x1) with 5 generated mipmaps from Image. Internal format is PF_X8R8G8B8,128x128x1.
02:21:25: Mesh: Loading cvn68.mesh.
02:21:25: WARNING: cvn68.mesh is an older format ([MeshSerializer_v1.40]); you should upgrade it as soon as possible using the OgreMeshUpgrade tool.
02:21:25: Texture: ecslDark.bmp: Loading 1 faces(PF_R8G8B8,128x128x1) with 5 generated mipmaps from Image. Internal format is PF_X8R8G8B8,128x128x1.
02:21:33: ***Test... Escape was pressed...  ***
02:21:33: ***Test... renderOneFrame() is called and is false...  ***
02:21:33: DefaultWorkQueue('Root') shutting down on thread 7eff03b35800.
02:21:33: DefaultWorkQueue('Root')::WorkerFunc - thread 7efeed737700 stopped.
02:21:33: DefaultWorkQueue('Root')::WorkerFunc - thread 7efeedf38700 stopped.
02:21:33: DefaultWorkQueue('Root')::WorkerFunc - thread 7efeeef3a700 stopped.
02:21:33: DefaultWorkQueue('Root')::WorkerFunc - thread 7efeee739700 stopped.
02:21:33: PCZone Factory Type 'ZoneType_Octree' unregistered
02:21:33: Unregistering ResourceManager for type BspLevel
02:21:33: *-*-* OGRE Shutdown
02:21:33: Unregistering ResourceManager for type Compositor
02:21:33: Unregistering ResourceManager for type Skeleton
02:21:33: Unregistering ResourceManager for type Mesh
02:21:33: Unregistering ResourceManager for type HighLevelGpuProgram
02:21:33: Uninstalling plugin: Octree Scene Manager
02:21:33: Plugin successfully uninstalled
02:21:33: Unloading library /usr/local/lib/OGRE/Plugin_OctreeSceneManager
02:21:33: Uninstalling plugin: Octree Zone Factory
02:21:33: Plugin successfully uninstalled
02:21:33: Unloading library /usr/local/lib/OGRE/Plugin_OctreeZone
02:21:33: Uninstalling plugin: Portal Connected Zone Scene Manager
02:21:33: Plugin successfully uninstalled
02:21:33: Unloading library /usr/local/lib/OGRE/Plugin_PCZSceneManager
02:21:33: Uninstalling plugin: Cg Program Manager
02:21:33: Plugin successfully uninstalled
02:21:33: Unloading library /usr/local/lib/OGRE/Plugin_CgProgramManager
02:21:33: Uninstalling plugin: BSP Scene Manager
02:21:33: Plugin successfully uninstalled
02:21:33: Unloading library /usr/local/lib/OGRE/Plugin_BSPSceneManager
02:21:33: Uninstalling plugin: ParticleFX
02:21:33: Plugin successfully uninstalled
02:21:33: Unloading library /usr/local/lib/OGRE/Plugin_ParticleFX
02:21:33: Uninstalling plugin: GL RenderSystem
02:21:33: Unregistering ResourceManager for type GpuProgram
02:21:33: ******************************
*** Stopping GLX Subsystem ***
******************************
02:21:33: Unregistering ResourceManager for type Texture
02:21:33: Plugin successfully uninstalled
02:21:33: Unloading library /usr/local/lib/OGRE/RenderSystem_GL
02:21:33: Unregistering ResourceManager for type Material
